[  0%] Built target geometry_msgs_generate_messages_py
[  0%] Built target geometry_msgs_generate_messages_cpp
[  0%] Built target sensor_msgs_generate_messages_py
[  0%] Built target nav_msgs_generate_messages_py
[  0%] Built target std_msgs_generate_messages_py
[  0%] Built target sensor_msgs_generate_messages_cpp
[  0%] Built target std_msgs_generate_messages_cpp
[  0%] Built target nav_msgs_generate_messages_cpp
[  0%] Built target sensor_msgs_generate_messages_lisp
[  0%] Built target std_msgs_generate_messages_eus
[  0%] Built target sensor_msgs_generate_messages_eus
[  0%] Built target geometry_msgs_generate_messages_eus
[  0%] Built target geometry_msgs_generate_messages_lisp
[  0%] Built target nav_msgs_generate_messages_eus
[  0%] Built target sensor_msgs_generate_messages_nodejs
[  0%] Built target nav_msgs_generate_messages_lisp
[  0%] Built target geometry_msgs_generate_messages_nodejs
[  0%] Built target std_msgs_generate_messages_nodejs
[  0%] Built target std_msgs_generate_messages_lisp
[  0%] Built target nav_msgs_generate_messages_nodejs
[ 12%] [34m[1mGenerating dynamic reconfigure files from cfg/Tello.cfg: /home/student/drone_racing_ws/devel/.private/tello_driver/include/tello_driver/TelloConfig.h /home/student/drone_racing_ws/devel/.private/tello_driver/lib/python2.7/dist-packages/tello_driver/cfg/TelloConfig.py[0m
[ 12%] Built target _tello_driver_generate_messages_check_deps_TelloStatus
[ 25%] [34m[1mGenerating EusLisp code from tello_driver/TelloStatus.msg[0m
[ 37%] [34m[1mGenerating Python from MSG tello_driver/TelloStatus[0m
[ 50%] [34m[1mGenerating C++ code from tello_driver/TelloStatus.msg[0m
[ 75%] [34m[1mGenerating Lisp code from tello_driver/TelloStatus.msg[0m
[ 75%] [34m[1mGenerating EusLisp manifest code for tello_driver[0m
[ 87%] [34m[1mGenerating Javascript code from tello_driver/TelloStatus.msg[0m
[ 87%] Built target tello_driver_generate_messages_lisp
Generating reconfiguration files for Tello in tello_driver
Wrote header file in /home/student/drone_racing_ws/devel/.private/tello_driver/include/tello_driver/TelloConfig.h
[ 87%] Built target tello_driver_generate_messages_nodejs
[ 87%] Built target tello_driver_gencfg
[ 87%] Built target tello_driver_generate_messages_cpp
[100%] [34m[1mGenerating Python msg __init__.py for tello_driver[0m
[100%] Built target tello_driver_generate_messages_py
[100%] Built target tello_driver_generate_messages_eus
[100%] Built target tello_driver_generate_messages
